<?xml version="1.0" encoding="UTF-8"?>
<!-- Generated by org.testng.reporters.JUnitReportReporter -->
<testsuite hostname="DESKTOP-MQI1OUI" failures="0" tests="2" name="testing.admin_exe" time="2.561" errors="0" timestamp="2024-02-06T11:59:14 IST" skipped="0">
  <testcase classname="testing.admin_exe" name="credentials" time="0.754"/>
  <system-out/>
  <testcase classname="testing.admin_exe" name="button" time="1.807"/>
  <system-out/>
</testsuite> <!-- testing.admin_exe -->
