<?xml version="1.0" encoding="UTF-8"?>
<!-- Generated by org.testng.reporters.JUnitReportReporter -->
<testsuite hostname="DESKTOP-MQI1OUI" failures="0" tests="1" name="testing.browseropen" time="3.590" errors="0" timestamp="2024-02-05T17:02:41 IST" skipped="0">
  <testcase classname="testing.browseropen" name="launch" time="3.590"/>
  <system-out/>
</testsuite> <!-- testing.browseropen -->
